<?xml version="1.0" encoding="UTF-8"?>
<testsuite name="snake.basic.GrowthTests" tests="2" skipped="0" failures="0" errors="0" timestamp="2025-09-18T13:23:11" hostname="DESKTOP-4NRB2QG" time="0.012">
  <properties/>
  <testcase name="testGrow" classname="snake.basic.GrowthTests" time="0.005"/>
  <testcase name="testGrowTwice" classname="snake.basic.GrowthTests" time="0.006"/>
  <system-out><![CDATA[]]></system-out>
  <system-err><![CDATA[]]></system-err>
</testsuite>
