<?xml version="1.0" encoding="UTF-8"?>
<testsuite name="snake.basic.FullGameTests" tests="7" skipped="0" failures="0" errors="0" timestamp="2025-09-18T13:23:11" hostname="DESKTOP-4NRB2QG" time="0.08">
  <properties/>
  <testcase name="testGame3x1" classname="snake.basic.FullGameTests" time="0.005"/>
  <testcase name="testGame6x6" classname="snake.basic.FullGameTests" time="0.019"/>
  <testcase name="testGame6x3" classname="snake.basic.FullGameTests" time="0.01"/>
  <testcase name="testGame10x7" classname="snake.basic.FullGameTests" time="0.021"/>
  <testcase name="testInterleave6x3and10x7" classname="snake.basic.FullGameTests" time="0.01"/>
  <testcase name="testInterleave6x6and10x7" classname="snake.basic.FullGameTests" time="0.007"/>
  <testcase name="testInterleave6x3and6x6" classname="snake.basic.FullGameTests" time="0.004"/>
  <system-out><![CDATA[]]></system-out>
  <system-err><![CDATA[]]></system-err>
</testsuite>
